Performing C SOURCE FILE Test CMAKE_HAVE_LIBC_PTHREAD failed with the following output:
Change Dir: /home/ssy/AHA_new/cgra_pnr/thunder/build/CMakeFiles/CMakeTmp

Run Build Command(s):/usr/bin/make cmTC_1f20a/fast && /usr/bin/make -f CMakeFiles/cmTC_1f20a.dir/build.make CMakeFiles/cmTC_1f20a.dir/build
make[1]: Entering directory '/home/ssy/AHA_new/cgra_pnr/thunder/build/CMakeFiles/CMakeTmp'
Building C object CMakeFiles/cmTC_1f20a.dir/src.c.o
/usr/bin/cc   -DCMAKE_HAVE_LIBC_PTHREAD   -o CMakeFiles/cmTC_1f20a.dir/src.c.o   -c /home/ssy/AHA_new/cgra_pnr/thunder/build/CMakeFiles/CMakeTmp/src.c
Linking C executable cmTC_1f20a
/usr/bin/cmake -E cmake_link_script CMakeFiles/cmTC_1f20a.dir/link.txt --verbose=1
/usr/bin/cc  -DCMAKE_HAVE_LIBC_PTHREAD    CMakeFiles/cmTC_1f20a.dir/src.c.o  -o cmTC_1f20a 
/usr/bin/ld: CMakeFiles/cmTC_1f20a.dir/src.c.o: in function `main':
src.c:(.text+0x46): undefined reference to `pthread_create'
/usr/bin/ld: src.c:(.text+0x52): undefined reference to `pthread_detach'
/usr/bin/ld: src.c:(.text+0x63): undefined reference to `pthread_join'
collect2: error: ld returned 1 exit status
make[1]: *** [CMakeFiles/cmTC_1f20a.dir/build.make:87: cmTC_1f20a] Error 1
make[1]: Leaving directory '/home/ssy/AHA_new/cgra_pnr/thunder/build/CMakeFiles/CMakeTmp'
make: *** [Makefile:121: cmTC_1f20a/fast] Error 2


Source file was:
#include <pthread.h>

void* test_func(void* data)
{
  return data;
}

int main(void)
{
  pthread_t thread;
  pthread_create(&thread, NULL, test_func, NULL);
  pthread_detach(thread);
  pthread_join(thread, NULL);
  pthread_atfork(NULL, NULL, NULL);
  pthread_exit(NULL);

  return 0;
}

Determining if the function pthread_create exists in the pthreads failed with the following output:
Change Dir: /home/ssy/AHA_new/cgra_pnr/thunder/build/CMakeFiles/CMakeTmp

Run Build Command(s):/usr/bin/make cmTC_0ef00/fast && /usr/bin/make -f CMakeFiles/cmTC_0ef00.dir/build.make CMakeFiles/cmTC_0ef00.dir/build
make[1]: Entering directory '/home/ssy/AHA_new/cgra_pnr/thunder/build/CMakeFiles/CMakeTmp'
Building C object CMakeFiles/cmTC_0ef00.dir/CheckFunctionExists.c.o
/usr/bin/cc   -DCHECK_FUNCTION_EXISTS=pthread_create   -o CMakeFiles/cmTC_0ef00.dir/CheckFunctionExists.c.o   -c /usr/share/cmake-3.16/Modules/CheckFunctionExists.c
Linking C executable cmTC_0ef00
/usr/bin/cmake -E cmake_link_script CMakeFiles/cmTC_0ef00.dir/link.txt --verbose=1
/usr/bin/cc  -DCHECK_FUNCTION_EXISTS=pthread_create    CMakeFiles/cmTC_0ef00.dir/CheckFunctionExists.c.o  -o cmTC_0ef00  -lpthreads 
/usr/bin/ld: cannot find -lpthreads
collect2: error: ld returned 1 exit status
make[1]: *** [CMakeFiles/cmTC_0ef00.dir/build.make:87: cmTC_0ef00] Error 1
make[1]: Leaving directory '/home/ssy/AHA_new/cgra_pnr/thunder/build/CMakeFiles/CMakeTmp'
make: *** [Makefile:121: cmTC_0ef00/fast] Error 2



Performing C SOURCE FILE Test CMAKE_HAVE_LIBC_PTHREAD failed with the following output:
Change Dir: /home/ssy/AHA-tool/cgra_pnr/thunder/build/CMakeFiles/CMakeTmp

Run Build Command(s):/usr/bin/make cmTC_fcfd6/fast && /usr/bin/make -f CMakeFiles/cmTC_fcfd6.dir/build.make CMakeFiles/cmTC_fcfd6.dir/build
make[1]: Entering directory '/home/ssy/AHA-tool/cgra_pnr/thunder/build/CMakeFiles/CMakeTmp'
Building C object CMakeFiles/cmTC_fcfd6.dir/src.c.o
/usr/bin/cc   -DCMAKE_HAVE_LIBC_PTHREAD   -o CMakeFiles/cmTC_fcfd6.dir/src.c.o   -c /home/ssy/AHA-tool/cgra_pnr/thunder/build/CMakeFiles/CMakeTmp/src.c
Linking C executable cmTC_fcfd6
/usr/bin/cmake -E cmake_link_script CMakeFiles/cmTC_fcfd6.dir/link.txt --verbose=1
/usr/bin/cc  -DCMAKE_HAVE_LIBC_PTHREAD    CMakeFiles/cmTC_fcfd6.dir/src.c.o  -o cmTC_fcfd6 
/usr/bin/ld: CMakeFiles/cmTC_fcfd6.dir/src.c.o: in function `main':
src.c:(.text+0x46): undefined reference to `pthread_create'
/usr/bin/ld: src.c:(.text+0x52): undefined reference to `pthread_detach'
/usr/bin/ld: src.c:(.text+0x63): undefined reference to `pthread_join'
collect2: error: ld returned 1 exit status
make[1]: *** [CMakeFiles/cmTC_fcfd6.dir/build.make:87: cmTC_fcfd6] Error 1
make[1]: Leaving directory '/home/ssy/AHA-tool/cgra_pnr/thunder/build/CMakeFiles/CMakeTmp'
make: *** [Makefile:121: cmTC_fcfd6/fast] Error 2


Source file was:
#include <pthread.h>

void* test_func(void* data)
{
  return data;
}

int main(void)
{
  pthread_t thread;
  pthread_create(&thread, NULL, test_func, NULL);
  pthread_detach(thread);
  pthread_join(thread, NULL);
  pthread_atfork(NULL, NULL, NULL);
  pthread_exit(NULL);

  return 0;
}

Determining if the function pthread_create exists in the pthreads failed with the following output:
Change Dir: /home/ssy/AHA-tool/cgra_pnr/thunder/build/CMakeFiles/CMakeTmp

Run Build Command(s):/usr/bin/make cmTC_f1bda/fast && /usr/bin/make -f CMakeFiles/cmTC_f1bda.dir/build.make CMakeFiles/cmTC_f1bda.dir/build
make[1]: Entering directory '/home/ssy/AHA-tool/cgra_pnr/thunder/build/CMakeFiles/CMakeTmp'
Building C object CMakeFiles/cmTC_f1bda.dir/CheckFunctionExists.c.o
/usr/bin/cc   -DCHECK_FUNCTION_EXISTS=pthread_create   -o CMakeFiles/cmTC_f1bda.dir/CheckFunctionExists.c.o   -c /usr/share/cmake-3.16/Modules/CheckFunctionExists.c
Linking C executable cmTC_f1bda
/usr/bin/cmake -E cmake_link_script CMakeFiles/cmTC_f1bda.dir/link.txt --verbose=1
/usr/bin/cc  -DCHECK_FUNCTION_EXISTS=pthread_create    CMakeFiles/cmTC_f1bda.dir/CheckFunctionExists.c.o  -o cmTC_f1bda  -lpthreads 
/usr/bin/ld: cannot find -lpthreads
collect2: error: ld returned 1 exit status
make[1]: *** [CMakeFiles/cmTC_f1bda.dir/build.make:87: cmTC_f1bda] Error 1
make[1]: Leaving directory '/home/ssy/AHA-tool/cgra_pnr/thunder/build/CMakeFiles/CMakeTmp'
make: *** [Makefile:121: cmTC_f1bda/fast] Error 2



Performing C SOURCE FILE Test CMAKE_HAVE_LIBC_PTHREAD failed with the following output:
Change Dir: /home/ssy/AHA_GIB/bs/PNR/cgra_pnr/thunder/build/CMakeFiles/CMakeTmp

Run Build Command(s):/usr/bin/make cmTC_2815b/fast && /usr/bin/make -f CMakeFiles/cmTC_2815b.dir/build.make CMakeFiles/cmTC_2815b.dir/build
make[1]: Entering directory '/home/ssy/AHA_GIB/bs/PNR/cgra_pnr/thunder/build/CMakeFiles/CMakeTmp'
Building C object CMakeFiles/cmTC_2815b.dir/src.c.o
/usr/bin/cc   -DCMAKE_HAVE_LIBC_PTHREAD   -o CMakeFiles/cmTC_2815b.dir/src.c.o   -c /home/ssy/AHA_GIB/bs/PNR/cgra_pnr/thunder/build/CMakeFiles/CMakeTmp/src.c
Linking C executable cmTC_2815b
/usr/bin/cmake -E cmake_link_script CMakeFiles/cmTC_2815b.dir/link.txt --verbose=1
/usr/bin/cc  -DCMAKE_HAVE_LIBC_PTHREAD    CMakeFiles/cmTC_2815b.dir/src.c.o  -o cmTC_2815b 
/usr/bin/ld: CMakeFiles/cmTC_2815b.dir/src.c.o: in function `main':
src.c:(.text+0x46): undefined reference to `pthread_create'
/usr/bin/ld: src.c:(.text+0x52): undefined reference to `pthread_detach'
/usr/bin/ld: src.c:(.text+0x63): undefined reference to `pthread_join'
collect2: error: ld returned 1 exit status
make[1]: *** [CMakeFiles/cmTC_2815b.dir/build.make:87: cmTC_2815b] Error 1
make[1]: Leaving directory '/home/ssy/AHA_GIB/bs/PNR/cgra_pnr/thunder/build/CMakeFiles/CMakeTmp'
make: *** [Makefile:121: cmTC_2815b/fast] Error 2


Source file was:
#include <pthread.h>

void* test_func(void* data)
{
  return data;
}

int main(void)
{
  pthread_t thread;
  pthread_create(&thread, NULL, test_func, NULL);
  pthread_detach(thread);
  pthread_join(thread, NULL);
  pthread_atfork(NULL, NULL, NULL);
  pthread_exit(NULL);

  return 0;
}

Determining if the function pthread_create exists in the pthreads failed with the following output:
Change Dir: /home/ssy/AHA_GIB/bs/PNR/cgra_pnr/thunder/build/CMakeFiles/CMakeTmp

Run Build Command(s):/usr/bin/make cmTC_78046/fast && /usr/bin/make -f CMakeFiles/cmTC_78046.dir/build.make CMakeFiles/cmTC_78046.dir/build
make[1]: Entering directory '/home/ssy/AHA_GIB/bs/PNR/cgra_pnr/thunder/build/CMakeFiles/CMakeTmp'
Building C object CMakeFiles/cmTC_78046.dir/CheckFunctionExists.c.o
/usr/bin/cc   -DCHECK_FUNCTION_EXISTS=pthread_create   -o CMakeFiles/cmTC_78046.dir/CheckFunctionExists.c.o   -c /usr/share/cmake-3.16/Modules/CheckFunctionExists.c
Linking C executable cmTC_78046
/usr/bin/cmake -E cmake_link_script CMakeFiles/cmTC_78046.dir/link.txt --verbose=1
/usr/bin/cc  -DCHECK_FUNCTION_EXISTS=pthread_create    CMakeFiles/cmTC_78046.dir/CheckFunctionExists.c.o  -o cmTC_78046  -lpthreads 
/usr/bin/ld: cannot find -lpthreads
collect2: error: ld returned 1 exit status
make[1]: *** [CMakeFiles/cmTC_78046.dir/build.make:87: cmTC_78046] Error 1
make[1]: Leaving directory '/home/ssy/AHA_GIB/bs/PNR/cgra_pnr/thunder/build/CMakeFiles/CMakeTmp'
make: *** [Makefile:121: cmTC_78046/fast] Error 2



Performing C SOURCE FILE Test CMAKE_HAVE_LIBC_PTHREAD failed with the following output:
Change Dir: /home/dai-dirk/AHA_GIB/bs/PNR/cgra_pnr/thunder/build/CMakeFiles/CMakeTmp

Run Build Command(s):/usr/bin/make cmTC_a15d0/fast && /usr/bin/make -f CMakeFiles/cmTC_a15d0.dir/build.make CMakeFiles/cmTC_a15d0.dir/build
make[1]: Entering directory '/home/dai-dirk/AHA_GIB/bs/PNR/cgra_pnr/thunder/build/CMakeFiles/CMakeTmp'
Building C object CMakeFiles/cmTC_a15d0.dir/src.c.o
/usr/bin/cc   -DCMAKE_HAVE_LIBC_PTHREAD   -o CMakeFiles/cmTC_a15d0.dir/src.c.o   -c /home/dai-dirk/AHA_GIB/bs/PNR/cgra_pnr/thunder/build/CMakeFiles/CMakeTmp/src.c
Linking C executable cmTC_a15d0
/usr/bin/cmake -E cmake_link_script CMakeFiles/cmTC_a15d0.dir/link.txt --verbose=1
/usr/bin/cc  -DCMAKE_HAVE_LIBC_PTHREAD    CMakeFiles/cmTC_a15d0.dir/src.c.o  -o cmTC_a15d0 
/usr/bin/ld: CMakeFiles/cmTC_a15d0.dir/src.c.o: in function `main':
src.c:(.text+0x46): undefined reference to `pthread_create'
/usr/bin/ld: src.c:(.text+0x52): undefined reference to `pthread_detach'
/usr/bin/ld: src.c:(.text+0x63): undefined reference to `pthread_join'
collect2: error: ld returned 1 exit status
make[1]: *** [CMakeFiles/cmTC_a15d0.dir/build.make:87: cmTC_a15d0] Error 1
make[1]: Leaving directory '/home/dai-dirk/AHA_GIB/bs/PNR/cgra_pnr/thunder/build/CMakeFiles/CMakeTmp'
make: *** [Makefile:121: cmTC_a15d0/fast] Error 2


Source file was:
#include <pthread.h>

void* test_func(void* data)
{
  return data;
}

int main(void)
{
  pthread_t thread;
  pthread_create(&thread, NULL, test_func, NULL);
  pthread_detach(thread);
  pthread_join(thread, NULL);
  pthread_atfork(NULL, NULL, NULL);
  pthread_exit(NULL);

  return 0;
}

Determining if the function pthread_create exists in the pthreads failed with the following output:
Change Dir: /home/dai-dirk/AHA_GIB/bs/PNR/cgra_pnr/thunder/build/CMakeFiles/CMakeTmp

Run Build Command(s):/usr/bin/make cmTC_b521c/fast && /usr/bin/make -f CMakeFiles/cmTC_b521c.dir/build.make CMakeFiles/cmTC_b521c.dir/build
make[1]: Entering directory '/home/dai-dirk/AHA_GIB/bs/PNR/cgra_pnr/thunder/build/CMakeFiles/CMakeTmp'
Building C object CMakeFiles/cmTC_b521c.dir/CheckFunctionExists.c.o
/usr/bin/cc   -DCHECK_FUNCTION_EXISTS=pthread_create   -o CMakeFiles/cmTC_b521c.dir/CheckFunctionExists.c.o   -c /usr/share/cmake-3.16/Modules/CheckFunctionExists.c
Linking C executable cmTC_b521c
/usr/bin/cmake -E cmake_link_script CMakeFiles/cmTC_b521c.dir/link.txt --verbose=1
/usr/bin/cc  -DCHECK_FUNCTION_EXISTS=pthread_create    CMakeFiles/cmTC_b521c.dir/CheckFunctionExists.c.o  -o cmTC_b521c  -lpthreads 
/usr/bin/ld: cannot find -lpthreads
collect2: error: ld returned 1 exit status
make[1]: *** [CMakeFiles/cmTC_b521c.dir/build.make:87: cmTC_b521c] Error 1
make[1]: Leaving directory '/home/dai-dirk/AHA_GIB/bs/PNR/cgra_pnr/thunder/build/CMakeFiles/CMakeTmp'
make: *** [Makefile:121: cmTC_b521c/fast] Error 2



