Performing C SOURCE FILE Test CMAKE_HAVE_LIBC_PTHREAD failed with the following output:
Change Dir: /aha/cgra_pnr/thunder/build/temp.linux-x86_64-3.8/CMakeFiles/CMakeTmp

Run Build Command(s):/usr/bin/make -f Makefile cmTC_a58cc/fast && /usr/bin/make  -f CMakeFiles/cmTC_a58cc.dir/build.make CMakeFiles/cmTC_a58cc.dir/build
make[1]: Entering directory '/aha/cgra_pnr/thunder/build/temp.linux-x86_64-3.8/CMakeFiles/CMakeTmp'
Building C object CMakeFiles/cmTC_a58cc.dir/src.c.o
/usr/bin/cc -DCMAKE_HAVE_LIBC_PTHREAD   -o CMakeFiles/cmTC_a58cc.dir/src.c.o -c /aha/cgra_pnr/thunder/build/temp.linux-x86_64-3.8/CMakeFiles/CMakeTmp/src.c
Linking C executable cmTC_a58cc
/usr/local/lib/python3.8/dist-packages/cmake/data/bin/cmake -E cmake_link_script CMakeFiles/cmTC_a58cc.dir/link.txt --verbose=1
/usr/bin/cc CMakeFiles/cmTC_a58cc.dir/src.c.o -o cmTC_a58cc 
/usr/bin/ld: CMakeFiles/cmTC_a58cc.dir/src.c.o: in function `main':
src.c:(.text+0x46): undefined reference to `pthread_create'
/usr/bin/ld: src.c:(.text+0x52): undefined reference to `pthread_detach'
/usr/bin/ld: src.c:(.text+0x5e): undefined reference to `pthread_cancel'
/usr/bin/ld: src.c:(.text+0x6f): undefined reference to `pthread_join'
collect2: error: ld returned 1 exit status
make[1]: *** [CMakeFiles/cmTC_a58cc.dir/build.make:99: cmTC_a58cc] Error 1
make[1]: Leaving directory '/aha/cgra_pnr/thunder/build/temp.linux-x86_64-3.8/CMakeFiles/CMakeTmp'
make: *** [Makefile:127: cmTC_a58cc/fast] Error 2


Source file was:
#include <pthread.h>

static void* test_func(void* data)
{
  return data;
}

int main(void)
{
  pthread_t thread;
  pthread_create(&thread, NULL, test_func, NULL);
  pthread_detach(thread);
  pthread_cancel(thread);
  pthread_join(thread, NULL);
  pthread_atfork(NULL, NULL, NULL);
  pthread_exit(NULL);

  return 0;
}

Determining if the function pthread_create exists in the pthreads failed with the following output:
Change Dir: /aha/cgra_pnr/thunder/build/temp.linux-x86_64-3.8/CMakeFiles/CMakeTmp

Run Build Command(s):/usr/bin/make -f Makefile cmTC_dcf6b/fast && /usr/bin/make  -f CMakeFiles/cmTC_dcf6b.dir/build.make CMakeFiles/cmTC_dcf6b.dir/build
make[1]: Entering directory '/aha/cgra_pnr/thunder/build/temp.linux-x86_64-3.8/CMakeFiles/CMakeTmp'
Building C object CMakeFiles/cmTC_dcf6b.dir/CheckFunctionExists.c.o
/usr/bin/cc   -DCHECK_FUNCTION_EXISTS=pthread_create -o CMakeFiles/cmTC_dcf6b.dir/CheckFunctionExists.c.o -c /usr/local/lib/python3.8/dist-packages/cmake/data/share/cmake-3.24/Modules/CheckFunctionExists.c
Linking C executable cmTC_dcf6b
/usr/local/lib/python3.8/dist-packages/cmake/data/bin/cmake -E cmake_link_script CMakeFiles/cmTC_dcf6b.dir/link.txt --verbose=1
/usr/bin/cc  -DCHECK_FUNCTION_EXISTS=pthread_create CMakeFiles/cmTC_dcf6b.dir/CheckFunctionExists.c.o -o cmTC_dcf6b  -lpthreads 
/usr/bin/ld: cannot find -lpthreads
collect2: error: ld returned 1 exit status
make[1]: *** [CMakeFiles/cmTC_dcf6b.dir/build.make:99: cmTC_dcf6b] Error 1
make[1]: Leaving directory '/aha/cgra_pnr/thunder/build/temp.linux-x86_64-3.8/CMakeFiles/CMakeTmp'
make: *** [Makefile:127: cmTC_dcf6b/fast] Error 2



